Wed, 04 Aug 2021 15:30:14 INFO     Labels -> Encoding:
Wed, 04 Aug 2021 15:30:14 INFO     
0 -> [0]
1 -> [1]
2 -> [2]
3 -> [3]
4 -> [4]
5 -> [5]
6 -> [6]
7 -> [7]
8 -> [8]
9 -> [9]
10 -> [10]
11 -> [11]
12 -> [12]
13 -> [13]
14 -> [14]
15 -> [15]
16 -> [16]
17 -> [17]
18 -> [18]
19 -> [19]
20 -> [20]
21 -> [21]
22 -> [22]
23 -> [23]
24 -> [24]
25 -> [25]
26 -> [26]
27 -> [27]
28 -> [28]
29 -> [29]
30 -> [30]
31 -> [32]
32 -> [33]

Wed, 04 Aug 2021 15:30:14 INFO     Training set size: (7651, 100)
Wed, 04 Aug 2021 15:30:14 INFO     Test set size: (1913, 100)
Wed, 04 Aug 2021 15:30:48 INFO     Classification report in ./results/YAGO3/indegree/node2vec.csv

Wed, 04 Aug 2021 15:30:48 INFO     ACC:0.10611604809200209
Wed, 04 Aug 2021 15:30:48 INFO     F1-score micro:0.10611604809200209
Wed, 04 Aug 2021 15:30:48 INFO     F1-score macro:0.08467864592061362
Wed, 04 Aug 2021 15:30:48 INFO     F1-score weighted:0.12083126707160431
Wed, 04 Aug 2021 15:30:52 INFO     Labels -> Encoding:
Wed, 04 Aug 2021 15:30:52 INFO     
0 -> [0]
1 -> [1]
2 -> [2]
3 -> [3]
4 -> [4]
5 -> [5]
6 -> [6]
7 -> [7]
8 -> [8]
9 -> [9]
10 -> [10]
11 -> [11]
12 -> [12]
13 -> [13]
14 -> [14]
15 -> [15]
16 -> [16]
17 -> [17]
18 -> [18]
19 -> [19]
20 -> [20]
21 -> [21]
22 -> [22]
23 -> [23]
24 -> [24]
25 -> [25]
26 -> [26]
27 -> [27]
28 -> [28]
29 -> [29]
30 -> [30]
31 -> [32]
32 -> [33]

Wed, 04 Aug 2021 15:30:53 INFO     Training set size: (7651, 100)
Wed, 04 Aug 2021 15:30:53 INFO     Test set size: (1913, 100)
Wed, 04 Aug 2021 15:31:22 INFO     Classification report in ./results/YAGO3/indegree/TransE.csv

Wed, 04 Aug 2021 15:31:23 INFO     ACC:0.10507056978567694
Wed, 04 Aug 2021 15:31:23 INFO     F1-score micro:0.10507056978567694
Wed, 04 Aug 2021 15:31:23 INFO     F1-score macro:0.08712687787851528
Wed, 04 Aug 2021 15:31:23 INFO     F1-score weighted:0.11244369180926558
Wed, 04 Aug 2021 15:31:27 INFO     Labels -> Encoding:
Wed, 04 Aug 2021 15:31:27 INFO     
0 -> [0]
1 -> [1]
2 -> [2]
3 -> [3]
4 -> [4]
5 -> [5]
6 -> [6]
7 -> [7]
8 -> [8]
9 -> [9]
10 -> [10]
11 -> [11]
12 -> [12]
13 -> [13]
14 -> [14]
15 -> [15]
16 -> [16]
17 -> [17]
18 -> [18]
19 -> [19]
20 -> [20]
21 -> [21]
22 -> [22]
23 -> [23]
24 -> [24]
25 -> [25]
26 -> [26]
27 -> [27]
28 -> [28]
29 -> [29]
30 -> [30]
31 -> [32]
32 -> [33]

Wed, 04 Aug 2021 15:31:27 INFO     Training set size: (7651, 100)
Wed, 04 Aug 2021 15:31:27 INFO     Test set size: (1913, 100)
Wed, 04 Aug 2021 15:31:42 INFO     Classification report in ./results/YAGO3/indegree/ComplEx.csv

Wed, 04 Aug 2021 15:31:42 INFO     ACC:0.07841087297438579
Wed, 04 Aug 2021 15:31:42 INFO     F1-score micro:0.07841087297438579
Wed, 04 Aug 2021 15:31:42 INFO     F1-score macro:0.061749371069768196
Wed, 04 Aug 2021 15:31:42 INFO     F1-score weighted:0.08390552357519525
Wed, 04 Aug 2021 15:31:47 INFO     Labels -> Encoding:
Wed, 04 Aug 2021 15:31:47 INFO     
0 -> [0]
1 -> [1]
2 -> [2]
3 -> [3]
4 -> [4]
5 -> [5]
6 -> [6]
7 -> [7]
8 -> [8]
9 -> [9]
10 -> [10]
11 -> [11]
12 -> [12]
13 -> [13]
14 -> [14]
15 -> [15]
16 -> [16]
17 -> [17]
18 -> [18]
19 -> [19]
20 -> [20]
21 -> [21]
22 -> [22]
23 -> [23]
24 -> [24]
25 -> [25]
26 -> [26]
27 -> [27]
28 -> [28]
29 -> [29]
30 -> [30]
31 -> [32]
32 -> [33]

Wed, 04 Aug 2021 15:31:47 INFO     Training set size: (7651, 100)
Wed, 04 Aug 2021 15:31:47 INFO     Test set size: (1913, 100)
Wed, 04 Aug 2021 15:31:56 INFO     Classification report in ./results/YAGO3/indegree/RESCAL.csv

Wed, 04 Aug 2021 15:31:56 INFO     ACC:0.08572922111866178
Wed, 04 Aug 2021 15:31:56 INFO     F1-score micro:0.08572922111866178
Wed, 04 Aug 2021 15:31:56 INFO     F1-score macro:0.06797543512661301
Wed, 04 Aug 2021 15:31:56 INFO     F1-score weighted:0.08867770135832853
Wed, 04 Aug 2021 15:32:01 INFO     Labels -> Encoding:
Wed, 04 Aug 2021 15:32:01 INFO     
0 -> [0]
1 -> [1]
2 -> [2]
3 -> [3]
4 -> [4]
5 -> [5]
6 -> [6]
7 -> [7]
8 -> [8]
9 -> [9]
10 -> [10]
11 -> [11]
12 -> [12]
13 -> [13]
14 -> [14]
15 -> [15]
16 -> [16]
17 -> [17]
18 -> [18]
19 -> [19]
20 -> [20]
21 -> [21]
22 -> [22]
23 -> [23]
24 -> [24]
25 -> [25]
26 -> [26]
27 -> [27]
28 -> [28]
29 -> [29]
30 -> [30]
31 -> [32]
32 -> [33]

Wed, 04 Aug 2021 15:32:01 INFO     Training set size: (7651, 100)
Wed, 04 Aug 2021 15:32:01 INFO     Test set size: (1913, 100)
Wed, 04 Aug 2021 15:32:20 INFO     Classification report in ./results/YAGO3/indegree/DistMult.csv

Wed, 04 Aug 2021 15:32:20 INFO     ACC:0.09618400418191322
Wed, 04 Aug 2021 15:32:20 INFO     F1-score micro:0.09618400418191322
Wed, 04 Aug 2021 15:32:20 INFO     F1-score macro:0.07239722452013501
Wed, 04 Aug 2021 15:32:20 INFO     F1-score weighted:0.10586394666210218
Wed, 04 Aug 2021 15:32:24 INFO     Labels -> Encoding:
Wed, 04 Aug 2021 15:32:24 INFO     
0 -> [0]
1 -> [1]
2 -> [2]
3 -> [3]
4 -> [4]
5 -> [5]
6 -> [6]
7 -> [7]
8 -> [8]
9 -> [9]
10 -> [10]
11 -> [11]
12 -> [12]
13 -> [13]
14 -> [14]
15 -> [15]
16 -> [16]
17 -> [17]
18 -> [18]
19 -> [19]
20 -> [20]
21 -> [21]
22 -> [22]
23 -> [23]
24 -> [24]
25 -> [25]
26 -> [26]
27 -> [27]
28 -> [28]
29 -> [29]
30 -> [30]
31 -> [32]
32 -> [33]

Wed, 04 Aug 2021 15:32:24 INFO     Training set size: (7651, 100)
Wed, 04 Aug 2021 15:32:24 INFO     Test set size: (1913, 100)
Wed, 04 Aug 2021 15:32:30 INFO     Classification report in ./results/YAGO3/indegree/RotatE.csv

Wed, 04 Aug 2021 15:32:30 INFO     ACC:0.08886565603763721
Wed, 04 Aug 2021 15:32:30 INFO     F1-score micro:0.08886565603763721
Wed, 04 Aug 2021 15:32:30 INFO     F1-score macro:0.07316832671068925
Wed, 04 Aug 2021 15:32:30 INFO     F1-score weighted:0.09414961108461768
