Wed, 04 Aug 2021 15:37:57 INFO     Labels -> Encoding:
Wed, 04 Aug 2021 15:37:57 INFO     
0 -> [0]
1 -> [1]
2 -> [2]
3 -> [3]
4 -> [4]
5 -> [5]
6 -> [6]
7 -> [7]
8 -> [8]
9 -> [9]
10 -> [10]
11 -> [11]
12 -> [12]
13 -> [13]
14 -> [14]
15 -> [15]
16 -> [16]
17 -> [17]
18 -> [18]
19 -> [19]
20 -> [20]
21 -> [21]
22 -> [22]
23 -> [23]
24 -> [24]
25 -> [25]
26 -> [26]
27 -> [27]
28 -> [28]
29 -> [29]
30 -> [30]
31 -> [31]
32 -> [32]
33 -> [33]
34 -> [34]
35 -> [35]
36 -> [36]

Wed, 04 Aug 2021 15:37:57 INFO     Training set size: (53495, 100)
Wed, 04 Aug 2021 15:37:57 INFO     Test set size: (13374, 100)
Wed, 04 Aug 2021 15:43:05 INFO     Classification report in ./results/YAGO3/outdegree/node2vec.csv

Wed, 04 Aug 2021 15:43:05 INFO     ACC:0.15844175265440408
Wed, 04 Aug 2021 15:43:05 INFO     F1-score micro:0.15844175265440408
Wed, 04 Aug 2021 15:43:05 INFO     F1-score macro:0.11306117989432546
Wed, 04 Aug 2021 15:43:05 INFO     F1-score weighted:0.17084653832155747
Wed, 04 Aug 2021 15:43:10 INFO     Labels -> Encoding:
Wed, 04 Aug 2021 15:43:10 INFO     
0 -> [0]
1 -> [1]
2 -> [2]
3 -> [3]
4 -> [4]
5 -> [5]
6 -> [6]
7 -> [7]
8 -> [8]
9 -> [9]
10 -> [10]
11 -> [11]
12 -> [12]
13 -> [13]
14 -> [14]
15 -> [15]
16 -> [16]
17 -> [17]
18 -> [18]
19 -> [19]
20 -> [20]
21 -> [21]
22 -> [22]
23 -> [23]
24 -> [24]
25 -> [25]
26 -> [26]
27 -> [27]
28 -> [28]
29 -> [29]
30 -> [30]
31 -> [31]
32 -> [32]
33 -> [33]
34 -> [34]
35 -> [35]
36 -> [36]

Wed, 04 Aug 2021 15:43:10 INFO     Training set size: (53495, 100)
Wed, 04 Aug 2021 15:43:10 INFO     Test set size: (13374, 100)
Wed, 04 Aug 2021 15:48:29 INFO     Classification report in ./results/YAGO3/outdegree/TransE.csv

Wed, 04 Aug 2021 15:48:30 INFO     ACC:0.18408852998355016
Wed, 04 Aug 2021 15:48:30 INFO     F1-score micro:0.18408852998355016
Wed, 04 Aug 2021 15:48:30 INFO     F1-score macro:0.13986020796812174
Wed, 04 Aug 2021 15:48:30 INFO     F1-score weighted:0.18471003380389026
Wed, 04 Aug 2021 15:48:37 INFO     Labels -> Encoding:
Wed, 04 Aug 2021 15:48:37 INFO     
0 -> [0]
1 -> [1]
2 -> [2]
3 -> [3]
4 -> [4]
5 -> [5]
6 -> [6]
7 -> [7]
8 -> [8]
9 -> [9]
10 -> [10]
11 -> [11]
12 -> [12]
13 -> [13]
14 -> [14]
15 -> [15]
16 -> [16]
17 -> [17]
18 -> [18]
19 -> [19]
20 -> [20]
21 -> [21]
22 -> [22]
23 -> [23]
24 -> [24]
25 -> [25]
26 -> [26]
27 -> [27]
28 -> [28]
29 -> [29]
30 -> [30]
31 -> [31]
32 -> [32]
33 -> [33]
34 -> [34]
35 -> [35]
36 -> [36]

Wed, 04 Aug 2021 15:48:37 INFO     Training set size: (53495, 100)
Wed, 04 Aug 2021 15:48:37 INFO     Test set size: (13374, 100)
Wed, 04 Aug 2021 15:51:08 INFO     Classification report in ./results/YAGO3/outdegree/ComplEx.csv

Wed, 04 Aug 2021 15:51:08 INFO     ACC:0.13772992373261553
Wed, 04 Aug 2021 15:51:08 INFO     F1-score micro:0.13772992373261553
Wed, 04 Aug 2021 15:51:08 INFO     F1-score macro:0.097812236530968
Wed, 04 Aug 2021 15:51:08 INFO     F1-score weighted:0.1469212839361617
Wed, 04 Aug 2021 15:51:13 INFO     Labels -> Encoding:
Wed, 04 Aug 2021 15:51:13 INFO     
0 -> [0]
1 -> [1]
2 -> [2]
3 -> [3]
4 -> [4]
5 -> [5]
6 -> [6]
7 -> [7]
8 -> [8]
9 -> [9]
10 -> [10]
11 -> [11]
12 -> [12]
13 -> [13]
14 -> [14]
15 -> [15]
16 -> [16]
17 -> [17]
18 -> [18]
19 -> [19]
20 -> [20]
21 -> [21]
22 -> [22]
23 -> [23]
24 -> [24]
25 -> [25]
26 -> [26]
27 -> [27]
28 -> [28]
29 -> [29]
30 -> [30]
31 -> [31]
32 -> [32]
33 -> [33]
34 -> [34]
35 -> [35]
36 -> [36]

Wed, 04 Aug 2021 15:51:13 INFO     Training set size: (53495, 100)
Wed, 04 Aug 2021 15:51:13 INFO     Test set size: (13374, 100)
Wed, 04 Aug 2021 15:52:41 INFO     Classification report in ./results/YAGO3/outdegree/RESCAL.csv

Wed, 04 Aug 2021 15:52:42 INFO     ACC:0.1508897861522357
Wed, 04 Aug 2021 15:52:42 INFO     F1-score micro:0.1508897861522357
Wed, 04 Aug 2021 15:52:42 INFO     F1-score macro:0.11451086588697366
Wed, 04 Aug 2021 15:52:42 INFO     F1-score weighted:0.15502368153710186
Wed, 04 Aug 2021 15:52:46 INFO     Labels -> Encoding:
Wed, 04 Aug 2021 15:52:46 INFO     
0 -> [0]
1 -> [1]
2 -> [2]
3 -> [3]
4 -> [4]
5 -> [5]
6 -> [6]
7 -> [7]
8 -> [8]
9 -> [9]
10 -> [10]
11 -> [11]
12 -> [12]
13 -> [13]
14 -> [14]
15 -> [15]
16 -> [16]
17 -> [17]
18 -> [18]
19 -> [19]
20 -> [20]
21 -> [21]
22 -> [22]
23 -> [23]
24 -> [24]
25 -> [25]
26 -> [26]
27 -> [27]
28 -> [28]
29 -> [29]
30 -> [30]
31 -> [31]
32 -> [32]
33 -> [33]
34 -> [34]
35 -> [35]
36 -> [36]

Wed, 04 Aug 2021 15:52:46 INFO     Training set size: (53495, 100)
Wed, 04 Aug 2021 15:52:46 INFO     Test set size: (13374, 100)
Wed, 04 Aug 2021 15:55:08 INFO     Classification report in ./results/YAGO3/outdegree/DistMult.csv

Wed, 04 Aug 2021 15:55:09 INFO     ACC:0.158217436817706
Wed, 04 Aug 2021 15:55:09 INFO     F1-score micro:0.158217436817706
Wed, 04 Aug 2021 15:55:09 INFO     F1-score macro:0.11687334358296413
Wed, 04 Aug 2021 15:55:09 INFO     F1-score weighted:0.1629919173894622
Wed, 04 Aug 2021 15:55:13 INFO     Labels -> Encoding:
Wed, 04 Aug 2021 15:55:13 INFO     
0 -> [0]
1 -> [1]
2 -> [2]
3 -> [3]
4 -> [4]
5 -> [5]
6 -> [6]
7 -> [7]
8 -> [8]
9 -> [9]
10 -> [10]
11 -> [11]
12 -> [12]
13 -> [13]
14 -> [14]
15 -> [15]
16 -> [16]
17 -> [17]
18 -> [18]
19 -> [19]
20 -> [20]
21 -> [21]
22 -> [22]
23 -> [23]
24 -> [24]
25 -> [25]
26 -> [26]
27 -> [27]
28 -> [28]
29 -> [29]
30 -> [30]
31 -> [31]
32 -> [32]
33 -> [33]
34 -> [34]
35 -> [35]
36 -> [36]

Wed, 04 Aug 2021 15:55:13 INFO     Training set size: (53495, 100)
Wed, 04 Aug 2021 15:55:13 INFO     Test set size: (13374, 100)
Wed, 04 Aug 2021 15:55:53 INFO     Classification report in ./results/YAGO3/outdegree/RotatE.csv

Wed, 04 Aug 2021 15:55:54 INFO     ACC:0.1345147300732765
Wed, 04 Aug 2021 15:55:54 INFO     F1-score micro:0.1345147300732765
Wed, 04 Aug 2021 15:55:54 INFO     F1-score macro:0.09953165450940915
Wed, 04 Aug 2021 15:55:54 INFO     F1-score weighted:0.13629976341999042
