Wed, 04 Aug 2021 16:11:58 INFO     
0 -> ['yago_wikicat_American_people']
1 -> ['yago_wikicat_Living_people']
2 -> ['yago_wikicat_The_Football_League_players']
3 -> ['yago_wordnet_administrative_district_108491826']
4 -> ['yago_wordnet_airport_102692232']
5 -> ['yago_wordnet_artist_109812338']
6 -> ['yago_wordnet_club_108227214']
7 -> ['yago_wordnet_county_108546183']
8 -> ['yago_wordnet_movie_106613686']
9 -> ['yago_wordnet_officeholder_110371450']
10 -> ['yago_wordnet_person_100007846']
11 -> ['yago_wordnet_site_108651247']
12 -> ['yago_wordnet_university_108286569']

Wed, 04 Aug 2021 16:11:58 INFO     Training set size: (15122, 100)
Wed, 04 Aug 2021 16:11:58 INFO     Test set size: (3781, 100)
Wed, 04 Aug 2021 16:12:20 INFO     Classification report in ./results/YAGO3/type/node2vec.csv

Wed, 04 Aug 2021 16:12:21 INFO     F1-score micro:0.7902671250991801
Wed, 04 Aug 2021 16:12:21 INFO     F1-score macro:0.7794523062545079
Wed, 04 Aug 2021 16:12:21 INFO     F1-score weighted:0.791054639388668
Wed, 04 Aug 2021 16:12:23 INFO     
0 -> ['yago_wikicat_American_people']
1 -> ['yago_wikicat_Living_people']
2 -> ['yago_wikicat_The_Football_League_players']
3 -> ['yago_wordnet_administrative_district_108491826']
4 -> ['yago_wordnet_airport_102692232']
5 -> ['yago_wordnet_artist_109812338']
6 -> ['yago_wordnet_club_108227214']
7 -> ['yago_wordnet_county_108546183']
8 -> ['yago_wordnet_movie_106613686']
9 -> ['yago_wordnet_officeholder_110371450']
10 -> ['yago_wordnet_person_100007846']
11 -> ['yago_wordnet_site_108651247']
12 -> ['yago_wordnet_university_108286569']

Wed, 04 Aug 2021 16:12:23 INFO     Training set size: (15122, 100)
Wed, 04 Aug 2021 16:12:23 INFO     Test set size: (3781, 100)
Wed, 04 Aug 2021 16:12:54 INFO     Classification report in ./results/YAGO3/type/TransE.csv

Wed, 04 Aug 2021 16:12:55 INFO     F1-score micro:0.9555673102353874
Wed, 04 Aug 2021 16:12:55 INFO     F1-score macro:0.955502807839565
Wed, 04 Aug 2021 16:12:55 INFO     F1-score weighted:0.9555573470748516
Wed, 04 Aug 2021 16:12:57 INFO     
0 -> ['yago_wikicat_American_people']
1 -> ['yago_wikicat_Living_people']
2 -> ['yago_wikicat_The_Football_League_players']
3 -> ['yago_wordnet_administrative_district_108491826']
4 -> ['yago_wordnet_airport_102692232']
5 -> ['yago_wordnet_artist_109812338']
6 -> ['yago_wordnet_club_108227214']
7 -> ['yago_wordnet_county_108546183']
8 -> ['yago_wordnet_movie_106613686']
9 -> ['yago_wordnet_officeholder_110371450']
10 -> ['yago_wordnet_person_100007846']
11 -> ['yago_wordnet_site_108651247']
12 -> ['yago_wordnet_university_108286569']

Wed, 04 Aug 2021 16:12:57 INFO     Training set size: (15122, 100)
Wed, 04 Aug 2021 16:12:57 INFO     Test set size: (3781, 100)
Wed, 04 Aug 2021 16:13:26 INFO     Classification report in ./results/YAGO3/type/ComplEx.csv

Wed, 04 Aug 2021 16:13:26 INFO     F1-score micro:0.9415498545358371
Wed, 04 Aug 2021 16:13:26 INFO     F1-score macro:0.9425272157107358
Wed, 04 Aug 2021 16:13:26 INFO     F1-score weighted:0.941846862939475
Wed, 04 Aug 2021 16:13:29 INFO     
0 -> ['yago_wikicat_American_people']
1 -> ['yago_wikicat_Living_people']
2 -> ['yago_wikicat_The_Football_League_players']
3 -> ['yago_wordnet_administrative_district_108491826']
4 -> ['yago_wordnet_airport_102692232']
5 -> ['yago_wordnet_artist_109812338']
6 -> ['yago_wordnet_club_108227214']
7 -> ['yago_wordnet_county_108546183']
8 -> ['yago_wordnet_movie_106613686']
9 -> ['yago_wordnet_officeholder_110371450']
10 -> ['yago_wordnet_person_100007846']
11 -> ['yago_wordnet_site_108651247']
12 -> ['yago_wordnet_university_108286569']

Wed, 04 Aug 2021 16:13:29 INFO     Training set size: (15122, 100)
Wed, 04 Aug 2021 16:13:29 INFO     Test set size: (3781, 100)
Wed, 04 Aug 2021 16:13:50 INFO     Classification report in ./results/YAGO3/type/RESCAL.csv

Wed, 04 Aug 2021 16:13:51 INFO     F1-score micro:0.9436656969055806
Wed, 04 Aug 2021 16:13:51 INFO     F1-score macro:0.9450880070472577
Wed, 04 Aug 2021 16:13:51 INFO     F1-score weighted:0.9437599762226258
Wed, 04 Aug 2021 16:13:53 INFO     
0 -> ['yago_wikicat_American_people']
1 -> ['yago_wikicat_Living_people']
2 -> ['yago_wikicat_The_Football_League_players']
3 -> ['yago_wordnet_administrative_district_108491826']
4 -> ['yago_wordnet_airport_102692232']
5 -> ['yago_wordnet_artist_109812338']
6 -> ['yago_wordnet_club_108227214']
7 -> ['yago_wordnet_county_108546183']
8 -> ['yago_wordnet_movie_106613686']
9 -> ['yago_wordnet_officeholder_110371450']
10 -> ['yago_wordnet_person_100007846']
11 -> ['yago_wordnet_site_108651247']
12 -> ['yago_wordnet_university_108286569']

Wed, 04 Aug 2021 16:13:53 INFO     Training set size: (15122, 100)
Wed, 04 Aug 2021 16:13:53 INFO     Test set size: (3781, 100)
Wed, 04 Aug 2021 16:14:18 INFO     Classification report in ./results/YAGO3/type/DistMult.csv

Wed, 04 Aug 2021 16:14:19 INFO     F1-score micro:0.9960327955567311
Wed, 04 Aug 2021 16:14:19 INFO     F1-score macro:0.9954361326179809
Wed, 04 Aug 2021 16:14:19 INFO     F1-score weighted:0.9960346842541727
Wed, 04 Aug 2021 16:14:21 INFO     
0 -> ['yago_wikicat_American_people']
1 -> ['yago_wikicat_Living_people']
2 -> ['yago_wikicat_The_Football_League_players']
3 -> ['yago_wordnet_administrative_district_108491826']
4 -> ['yago_wordnet_airport_102692232']
5 -> ['yago_wordnet_artist_109812338']
6 -> ['yago_wordnet_club_108227214']
7 -> ['yago_wordnet_county_108546183']
8 -> ['yago_wordnet_movie_106613686']
9 -> ['yago_wordnet_officeholder_110371450']
10 -> ['yago_wordnet_person_100007846']
11 -> ['yago_wordnet_site_108651247']
12 -> ['yago_wordnet_university_108286569']

Wed, 04 Aug 2021 16:14:21 INFO     Training set size: (15122, 100)
Wed, 04 Aug 2021 16:14:21 INFO     Test set size: (3781, 100)
Wed, 04 Aug 2021 16:14:40 INFO     Classification report in ./results/YAGO3/type/RotatE.csv

Wed, 04 Aug 2021 16:14:40 INFO     F1-score micro:0.9820153398571806
Wed, 04 Aug 2021 16:14:40 INFO     F1-score macro:0.9816200216842758
Wed, 04 Aug 2021 16:14:40 INFO     F1-score weighted:0.9820297181426872
